<?xml version="1.0" encoding="UTF-8"?>
<coverage generated="1575330338456" clover="3.2.0">
  <project timestamp="1575330338456" name="All files">
    <metrics statements="4" coveredstatements="4" conditionals="0" coveredconditionals="0" methods="3" coveredmethods="3" elements="7" coveredelements="7" complexity="0" loc="4" ncloc="4" packages="1" files="2" classes="2"/>
    <file name="index.jsx" path="/Users/jonathankim/Desktop/dev/hack_reactor/fec/News/client/index.jsx">
      <metrics statements="2" coveredstatements="2" conditionals="0" coveredconditionals="0" methods="2" coveredmethods="2"/>
      <line num="6" count="1" type="stmt"/>
      <line num="11" count="1" type="stmt"/>
    </file>
    <file name="sum.js" path="/Users/jonathankim/Desktop/dev/hack_reactor/fec/News/client/sum.js">
      <metrics statements="2" coveredstatements="2" conditionals="0" coveredconditionals="0" methods="1" coveredmethods="1"/>
      <line num="2" count="1" type="stmt"/>
      <line num="4" count="1" type="stmt"/>
    </file>
  </project>
</coverage>
